2017-03-11 00:01:03 INFO  ContextLoader:304 - Root WebApplicationContext: initialization started
2017-03-11 00:01:03 INFO  AnnotationConfigWebApplicationContext:582 - Refreshing Root WebApplicationContext: startup date [Sat Mar 11 00:01:03 IST 2017]; root of context hierarchy
2017-03-11 00:01:03 INFO  AnnotationConfigWebApplicationContext:207 - Registering annotated classes: [class com.techm.smart.parking.solution.configuration.AppConfig]
2017-03-11 00:01:05 INFO  ClockFactory:52 - Using native clock to generate timestamps.
2017-03-11 00:01:06 WARN  NettyUtil:73 - Found Netty's native epoll transport, but not running on linux-based operating system. Using NIO instead.
2017-03-11 00:01:07 INFO  DCAwareRoundRobinPolicy:95 - Using data-center name 'datacenter1' for DCAwareRoundRobinPolicy (if this is incorrect, please provide the correct datacenter name with DCAwareRoundRobinPolicy constructor)
2017-03-11 00:01:07 INFO  Cluster:1533 - New Cassandra host /127.0.0.1:9042 added
2017-03-11 00:01:08 INFO  RequestMappingHandlerMapping:543 - Mapped "{[/occupy/historical],methods=[POST]}" onto public com.techm.smart.parking.solution.domain.PSHistoricalOccupancy com.techm.smart.parking.solution.controller.PSHistoricalOccupancyController.savePSHistoricalOccupancy(com.techm.smart.parking.solution.domain.PSHistoricalOccupancy)
2017-03-11 00:01:08 INFO  RequestMappingHandlerMapping:543 - Mapped "{[/occupy/historical],methods=[PUT]}" onto public com.techm.smart.parking.solution.domain.PSHistoricalOccupancy com.techm.smart.parking.solution.controller.PSHistoricalOccupancyController.updatePSHistoricalOccupancy(com.techm.smart.parking.solution.domain.PSHistoricalOccupancy)
2017-03-11 00:01:08 INFO  RequestMappingHandlerMapping:543 - Mapped "{[/occupy/historical],methods=[GET]}" onto public java.util.List<com.techm.smart.parking.solution.domain.PSHistoricalOccupancy> com.techm.smart.parking.solution.controller.PSHistoricalOccupancyController.getPSHitoricalOccupancies()
2017-03-11 00:01:08 INFO  RequestMappingHandlerMapping:543 - Mapped "{[/occupy/historical/{pkSlotId}],methods=[GET]}" onto public com.techm.smart.parking.solution.domain.PSHistoricalOccupancy com.techm.smart.parking.solution.controller.PSHistoricalOccupancyController.getPSHitoricalOccupancyBySlotId(java.lang.String)
2017-03-11 00:01:08 INFO  RequestMappingHandlerMapping:543 - Mapped "{[/occupy/historical/{pkSlotId}],methods=[DELETE]}" onto public void com.techm.smart.parking.solution.controller.PSHistoricalOccupancyController.deletePSHistoricalOccupancy(java.lang.String)
2017-03-11 00:01:08 INFO  RequestMappingHandlerMapping:543 - Mapped "{[/occupy],methods=[POST]}" onto public com.techm.smart.parking.solution.domain.PSLiveOccupancy com.techm.smart.parking.solution.controller.PSLiveOccupancyController.savePSLiveOccupancy(com.techm.smart.parking.solution.domain.PSLiveOccupancy)
2017-03-11 00:01:08 INFO  RequestMappingHandlerMapping:543 - Mapped "{[/occupy],methods=[PUT]}" onto public com.techm.smart.parking.solution.domain.PSLiveOccupancy com.techm.smart.parking.solution.controller.PSLiveOccupancyController.updatePSLiveOccupancy(com.techm.smart.parking.solution.domain.PSLiveOccupancy)
2017-03-11 00:01:08 INFO  RequestMappingHandlerMapping:543 - Mapped "{[/occupy],methods=[GET]}" onto public java.util.List<com.techm.smart.parking.solution.domain.PSLiveOccupancy> com.techm.smart.parking.solution.controller.PSLiveOccupancyController.getPSLiveOccupancies()
2017-03-11 00:01:08 INFO  RequestMappingHandlerMapping:543 - Mapped "{[/occupy/{pkSlotId}],methods=[GET]}" onto public com.techm.smart.parking.solution.domain.PSLiveOccupancy com.techm.smart.parking.solution.controller.PSLiveOccupancyController.getPSLiveOccupancyBySlotId(java.lang.String)
2017-03-11 00:01:08 INFO  RequestMappingHandlerMapping:543 - Mapped "{[/occupy/{pkSlotId}],methods=[DELETE]}" onto public void com.techm.smart.parking.solution.controller.PSLiveOccupancyController.deletePSLiveOccupancy(java.lang.String)
2017-03-11 00:01:08 INFO  RequestMappingHandlerMapping:543 - Mapped "{[/task/car/park],methods=[POST]}" onto public java.lang.String com.techm.smart.parking.solution.controller.ParkingController.parkCar(com.techm.smart.parking.solution.utils.ParkInput)
2017-03-11 00:01:08 INFO  RequestMappingHandlerMapping:543 - Mapped "{[/task/car/unpark],methods=[POST]}" onto public java.lang.String com.techm.smart.parking.solution.controller.ParkingController.unparkCar(com.techm.smart.parking.solution.utils.ParkInput)
2017-03-11 00:01:08 INFO  RequestMappingHandlerMapping:543 - Mapped "{[/task/car/park/extend],methods=[POST]}" onto public java.lang.String com.techm.smart.parking.solution.controller.ParkingController.extendParking(com.techm.smart.parking.solution.utils.ParkInput)
2017-03-11 00:01:08 INFO  RequestMappingHandlerMapping:543 - Mapped "{[/task/collector/{collectorId}/timezone/{timezone}],methods=[POST]}" onto public java.lang.String com.techm.smart.parking.solution.controller.ParkingController.setCollectorTimezone(java.lang.String,java.lang.String)
2017-03-11 00:01:08 INFO  RequestMappingHandlerMapping:543 - Mapped "{[/pkslot],methods=[GET]}" onto public java.util.List<com.techm.smart.parking.solution.domain.ParkingSlot> com.techm.smart.parking.solution.controller.ParkingSlotController.getParkingSlots()
2017-03-11 00:01:08 INFO  RequestMappingHandlerMapping:543 - Mapped "{[/pkslot/{deviceId}],methods=[GET]}" onto public com.techm.smart.parking.solution.domain.ParkingSlot com.techm.smart.parking.solution.controller.ParkingSlotController.getParkingSlotByDeviceId(java.lang.String) throws com.techm.smart.parking.solution.exception.ResourceNotFound
2017-03-11 00:01:08 INFO  RequestMappingHandlerMapping:543 - Mapped "{[/pkslot/{deviceId}],methods=[DELETE]}" onto public void com.techm.smart.parking.solution.controller.ParkingSlotController.deleteParkingSlotByDeviceId(java.lang.String) throws com.techm.smart.parking.solution.exception.ResourceNotFound
2017-03-11 00:01:08 INFO  RequestMappingHandlerMapping:543 - Mapped "{[/pkslot],methods=[PUT]}" onto public com.techm.smart.parking.solution.domain.ParkingSlot com.techm.smart.parking.solution.controller.ParkingSlotController.updateParkingSlot(com.techm.smart.parking.solution.domain.ParkingSlot)
2017-03-11 00:01:08 INFO  RequestMappingHandlerMapping:543 - Mapped "{[/pkslot],methods=[POST]}" onto public com.techm.smart.parking.solution.domain.ParkingSlot com.techm.smart.parking.solution.controller.ParkingSlotController.saveParkingSlot(com.techm.smart.parking.solution.domain.ParkingSlot) throws com.techm.smart.parking.solution.exception.CassandraHostNotAvailableException
2017-03-11 00:01:08 INFO  RequestMappingHandlerMapping:543 - Mapped "{[/pkzone],methods=[POST]}" onto public com.techm.smart.parking.solution.domain.ParkingZone com.techm.smart.parking.solution.controller.ParkingZoneController.saveParkingZone(com.techm.smart.parking.solution.domain.ParkingZone)
2017-03-11 00:01:08 INFO  RequestMappingHandlerMapping:543 - Mapped "{[/pkzone],methods=[PUT]}" onto public com.techm.smart.parking.solution.domain.ParkingZone com.techm.smart.parking.solution.controller.ParkingZoneController.updateParkingZone(com.techm.smart.parking.solution.domain.ParkingZone)
2017-03-11 00:01:08 INFO  RequestMappingHandlerMapping:543 - Mapped "{[/pkzone],methods=[GET]}" onto public java.util.List<com.techm.smart.parking.solution.domain.ParkingZone> com.techm.smart.parking.solution.controller.ParkingZoneController.getParkingZones()
2017-03-11 00:01:08 INFO  RequestMappingHandlerMapping:543 - Mapped "{[/pkzone/{pkZoneId}],methods=[GET]}" onto public com.techm.smart.parking.solution.domain.ParkingZone com.techm.smart.parking.solution.controller.ParkingZoneController.getParkingZoneByParkingZone(java.lang.String)
2017-03-11 00:01:08 INFO  RequestMappingHandlerMapping:543 - Mapped "{[/pkzone/{pkZoneId}],methods=[DELETE]}" onto public void com.techm.smart.parking.solution.controller.ParkingZoneController.deleteParkingZoneByParkingZone(java.lang.String)
2017-03-11 00:01:08 INFO  RequestMappingHandlerMapping:543 - Mapped "{[/person/hello],methods=[GET]}" onto public java.lang.String com.techm.smart.parking.solution.controller.PeronsController.getName()
2017-03-11 00:01:08 INFO  RequestMappingHandlerMapping:543 - Mapped "{[/person],methods=[POST]}" onto public com.techm.smart.parking.solution.domain.Person com.techm.smart.parking.solution.controller.PeronsController.savePerson(com.techm.smart.parking.solution.domain.Person)
2017-03-11 00:01:08 INFO  RequestMappingHandlerMapping:543 - Mapped "{[/person],methods=[PUT]}" onto public com.techm.smart.parking.solution.domain.Person com.techm.smart.parking.solution.controller.PeronsController.updatePerson(com.techm.smart.parking.solution.domain.Person)
2017-03-11 00:01:08 INFO  RequestMappingHandlerMapping:543 - Mapped "{[/person],methods=[GET]}" onto public java.util.List<com.techm.smart.parking.solution.domain.Person> com.techm.smart.parking.solution.controller.PeronsController.getPersons()
2017-03-11 00:01:08 INFO  RequestMappingHandlerMapping:543 - Mapped "{[/person/{id}],methods=[GET]}" onto public com.techm.smart.parking.solution.domain.Person com.techm.smart.parking.solution.controller.PeronsController.getPersonById(java.lang.String)
2017-03-11 00:01:08 INFO  RequestMappingHandlerMapping:543 - Mapped "{[/person/{id}],methods=[DELETE]}" onto public void com.techm.smart.parking.solution.controller.PeronsController.deletePersonById(java.lang.String)
2017-03-11 00:01:08 INFO  RequestMappingHandlerMapping:543 - Mapped "{[/tag],methods=[PUT]}" onto public com.techm.smart.parking.solution.domain.Tag com.techm.smart.parking.solution.controller.TagController.updateTag(com.techm.smart.parking.solution.domain.Tag)
2017-03-11 00:01:08 INFO  RequestMappingHandlerMapping:543 - Mapped "{[/tag],methods=[POST]}" onto public com.techm.smart.parking.solution.domain.Tag com.techm.smart.parking.solution.controller.TagController.saveTag(com.techm.smart.parking.solution.domain.Tag)
2017-03-11 00:01:08 INFO  RequestMappingHandlerMapping:543 - Mapped "{[/tag/{tagNumber}],methods=[GET]}" onto public com.techm.smart.parking.solution.domain.Tag com.techm.smart.parking.solution.controller.TagController.getTagByTagNumber(java.lang.String)
2017-03-11 00:01:08 INFO  RequestMappingHandlerMapping:543 - Mapped "{[/tag/{tagNumber}],methods=[DELETE]}" onto public com.techm.smart.parking.solution.domain.Tag com.techm.smart.parking.solution.controller.TagController.deleteTagByTagNumber(java.lang.String)
2017-03-11 00:01:08 INFO  RequestMappingHandlerMapping:543 - Mapped "{[/tag],methods=[GET]}" onto public java.util.List<com.techm.smart.parking.solution.domain.Tag> com.techm.smart.parking.solution.controller.TagController.getTags()
2017-03-11 00:01:08 INFO  SimpleUrlHandlerMapping:362 - Mapped URL path [/swagger-ui.html] onto handler of type [class org.springframework.web.servlet.resource.ResourceHttpRequestHandler]
2017-03-11 00:01:08 INFO  SimpleUrlHandlerMapping:362 - Mapped URL path [/webjars/**] onto handler of type [class org.springframework.web.servlet.resource.ResourceHttpRequestHandler]
2017-03-11 00:01:08 INFO  RequestMappingHandlerAdapter:534 - Looking for @ControllerAdvice: Root WebApplicationContext: startup date [Sat Mar 11 00:01:03 IST 2017]; root of context hierarchy
2017-03-11 00:01:08 INFO  ExceptionHandlerExceptionResolver:273 - Detected @ExceptionHandler methods in cassandraHostContollerAdvice
2017-03-11 00:01:08 INFO  ExceptionHandlerExceptionResolver:273 - Detected @ExceptionHandler methods in exceptionControllerAdvice
2017-03-11 00:01:08 INFO  ExceptionHandlerExceptionResolver:273 - Detected @ExceptionHandler methods in resourceNotFoundControllerAdvice
2017-03-11 00:01:09 INFO  ContextLoader:344 - Root WebApplicationContext: initialization completed in 5420 ms
2017-03-11 00:01:09 INFO  DispatcherServlet:489 - FrameworkServlet 'dispatcher': initialization started
2017-03-11 00:01:09 INFO  AnnotationConfigWebApplicationContext:582 - Refreshing WebApplicationContext for namespace 'dispatcher-servlet': startup date [Sat Mar 11 00:01:09 IST 2017]; parent: Root WebApplicationContext
2017-03-11 00:01:09 INFO  DispatcherServlet:508 - FrameworkServlet 'dispatcher': initialization completed in 94 ms
2017-03-11 00:04:40 WARN  PageNotFound:1172 - No mapping found for HTTP request with URI [/smart-parking-solution/configuration/ui] in DispatcherServlet with name 'dispatcher'
2017-03-11 00:04:40 WARN  PageNotFound:1172 - No mapping found for HTTP request with URI [/smart-parking-solution/images/favicon-16x16.png] in DispatcherServlet with name 'dispatcher'
2017-03-11 00:04:41 WARN  PageNotFound:1172 - No mapping found for HTTP request with URI [/smart-parking-solution/images/favicon-16x16.png] in DispatcherServlet with name 'dispatcher'
2017-03-11 00:05:53 WARN  PageNotFound:1172 - No mapping found for HTTP request with URI [/smart-parking-solution/v2/api-docs] in DispatcherServlet with name 'dispatcher'
2017-03-11 00:17:40 INFO  AnnotationConfigWebApplicationContext:987 - Closing WebApplicationContext for namespace 'dispatcher-servlet': startup date [Sat Mar 11 00:01:09 IST 2017]; parent: Root WebApplicationContext
2017-03-11 00:17:40 INFO  AnnotationConfigWebApplicationContext:987 - Closing Root WebApplicationContext: startup date [Sat Mar 11 00:01:03 IST 2017]; root of context hierarchy
2017-03-11 00:17:46 INFO  ContextLoader:304 - Root WebApplicationContext: initialization started
2017-03-11 00:17:46 INFO  AnnotationConfigWebApplicationContext:582 - Refreshing Root WebApplicationContext: startup date [Sat Mar 11 00:17:46 IST 2017]; root of context hierarchy
2017-03-11 00:17:46 INFO  AnnotationConfigWebApplicationContext:207 - Registering annotated classes: [class com.techm.smart.parking.solution.configuration.AppConfig]
2017-03-11 00:17:49 INFO  ClockFactory:52 - Using native clock to generate timestamps.
2017-03-11 00:17:49 WARN  NettyUtil:73 - Found Netty's native epoll transport, but not running on linux-based operating system. Using NIO instead.
2017-03-11 00:17:50 INFO  DCAwareRoundRobinPolicy:95 - Using data-center name 'datacenter1' for DCAwareRoundRobinPolicy (if this is incorrect, please provide the correct datacenter name with DCAwareRoundRobinPolicy constructor)
2017-03-11 00:17:50 INFO  Cluster:1533 - New Cassandra host /127.0.0.1:9042 added
2017-03-11 00:17:52 INFO  RequestMappingHandlerMapping:543 - Mapped "{[/occupy/historical],methods=[POST]}" onto public com.techm.smart.parking.solution.domain.PSHistoricalOccupancy com.techm.smart.parking.solution.controller.PSHistoricalOccupancyController.savePSHistoricalOccupancy(com.techm.smart.parking.solution.domain.PSHistoricalOccupancy)
2017-03-11 00:17:52 INFO  RequestMappingHandlerMapping:543 - Mapped "{[/occupy/historical],methods=[PUT]}" onto public com.techm.smart.parking.solution.domain.PSHistoricalOccupancy com.techm.smart.parking.solution.controller.PSHistoricalOccupancyController.updatePSHistoricalOccupancy(com.techm.smart.parking.solution.domain.PSHistoricalOccupancy)
2017-03-11 00:17:52 INFO  RequestMappingHandlerMapping:543 - Mapped "{[/occupy/historical],methods=[GET]}" onto public java.util.List<com.techm.smart.parking.solution.domain.PSHistoricalOccupancy> com.techm.smart.parking.solution.controller.PSHistoricalOccupancyController.getPSHitoricalOccupancies()
2017-03-11 00:17:52 INFO  RequestMappingHandlerMapping:543 - Mapped "{[/occupy/historical/{pkSlotId}],methods=[GET]}" onto public com.techm.smart.parking.solution.domain.PSHistoricalOccupancy com.techm.smart.parking.solution.controller.PSHistoricalOccupancyController.getPSHitoricalOccupancyBySlotId(java.lang.String)
2017-03-11 00:17:52 INFO  RequestMappingHandlerMapping:543 - Mapped "{[/occupy/historical/{pkSlotId}],methods=[DELETE]}" onto public void com.techm.smart.parking.solution.controller.PSHistoricalOccupancyController.deletePSHistoricalOccupancy(java.lang.String)
2017-03-11 00:17:52 INFO  RequestMappingHandlerMapping:543 - Mapped "{[/occupy],methods=[POST]}" onto public com.techm.smart.parking.solution.domain.PSLiveOccupancy com.techm.smart.parking.solution.controller.PSLiveOccupancyController.savePSLiveOccupancy(com.techm.smart.parking.solution.domain.PSLiveOccupancy)
2017-03-11 00:17:52 INFO  RequestMappingHandlerMapping:543 - Mapped "{[/occupy],methods=[PUT]}" onto public com.techm.smart.parking.solution.domain.PSLiveOccupancy com.techm.smart.parking.solution.controller.PSLiveOccupancyController.updatePSLiveOccupancy(com.techm.smart.parking.solution.domain.PSLiveOccupancy)
2017-03-11 00:17:52 INFO  RequestMappingHandlerMapping:543 - Mapped "{[/occupy],methods=[GET]}" onto public java.util.List<com.techm.smart.parking.solution.domain.PSLiveOccupancy> com.techm.smart.parking.solution.controller.PSLiveOccupancyController.getPSLiveOccupancies()
2017-03-11 00:17:52 INFO  RequestMappingHandlerMapping:543 - Mapped "{[/occupy/{pkSlotId}],methods=[GET]}" onto public com.techm.smart.parking.solution.domain.PSLiveOccupancy com.techm.smart.parking.solution.controller.PSLiveOccupancyController.getPSLiveOccupancyBySlotId(java.lang.String)
2017-03-11 00:17:52 INFO  RequestMappingHandlerMapping:543 - Mapped "{[/occupy/{pkSlotId}],methods=[DELETE]}" onto public void com.techm.smart.parking.solution.controller.PSLiveOccupancyController.deletePSLiveOccupancy(java.lang.String)
2017-03-11 00:17:52 INFO  RequestMappingHandlerMapping:543 - Mapped "{[/task/car/park],methods=[POST]}" onto public java.lang.String com.techm.smart.parking.solution.controller.ParkingController.parkCar(com.techm.smart.parking.solution.utils.ParkInput)
2017-03-11 00:17:52 INFO  RequestMappingHandlerMapping:543 - Mapped "{[/task/car/unpark],methods=[POST]}" onto public java.lang.String com.techm.smart.parking.solution.controller.ParkingController.unparkCar(com.techm.smart.parking.solution.utils.ParkInput)
2017-03-11 00:17:52 INFO  RequestMappingHandlerMapping:543 - Mapped "{[/task/car/park/extend],methods=[POST]}" onto public java.lang.String com.techm.smart.parking.solution.controller.ParkingController.extendParking(com.techm.smart.parking.solution.utils.ParkInput)
2017-03-11 00:17:52 INFO  RequestMappingHandlerMapping:543 - Mapped "{[/task/collector/{collectorId}/timezone/{timezone}],methods=[POST]}" onto public java.lang.String com.techm.smart.parking.solution.controller.ParkingController.setCollectorTimezone(java.lang.String,java.lang.String)
2017-03-11 00:17:52 INFO  RequestMappingHandlerMapping:543 - Mapped "{[/pkslot],methods=[GET]}" onto public java.util.List<com.techm.smart.parking.solution.domain.ParkingSlot> com.techm.smart.parking.solution.controller.ParkingSlotController.getParkingSlots()
2017-03-11 00:17:52 INFO  RequestMappingHandlerMapping:543 - Mapped "{[/pkslot/{deviceId}],methods=[GET]}" onto public com.techm.smart.parking.solution.domain.ParkingSlot com.techm.smart.parking.solution.controller.ParkingSlotController.getParkingSlotByDeviceId(java.lang.String) throws com.techm.smart.parking.solution.exception.ResourceNotFound
2017-03-11 00:17:52 INFO  RequestMappingHandlerMapping:543 - Mapped "{[/pkslot/{deviceId}],methods=[DELETE]}" onto public void com.techm.smart.parking.solution.controller.ParkingSlotController.deleteParkingSlotByDeviceId(java.lang.String) throws com.techm.smart.parking.solution.exception.ResourceNotFound
2017-03-11 00:17:52 INFO  RequestMappingHandlerMapping:543 - Mapped "{[/pkslot],methods=[PUT]}" onto public com.techm.smart.parking.solution.domain.ParkingSlot com.techm.smart.parking.solution.controller.ParkingSlotController.updateParkingSlot(com.techm.smart.parking.solution.domain.ParkingSlot)
2017-03-11 00:17:52 INFO  RequestMappingHandlerMapping:543 - Mapped "{[/pkslot],methods=[POST]}" onto public com.techm.smart.parking.solution.domain.ParkingSlot com.techm.smart.parking.solution.controller.ParkingSlotController.saveParkingSlot(com.techm.smart.parking.solution.domain.ParkingSlot) throws com.techm.smart.parking.solution.exception.CassandraHostNotAvailableException
2017-03-11 00:17:52 INFO  RequestMappingHandlerMapping:543 - Mapped "{[/pkzone],methods=[POST]}" onto public com.techm.smart.parking.solution.domain.ParkingZone com.techm.smart.parking.solution.controller.ParkingZoneController.saveParkingZone(com.techm.smart.parking.solution.domain.ParkingZone)
2017-03-11 00:17:52 INFO  RequestMappingHandlerMapping:543 - Mapped "{[/pkzone],methods=[PUT]}" onto public com.techm.smart.parking.solution.domain.ParkingZone com.techm.smart.parking.solution.controller.ParkingZoneController.updateParkingZone(com.techm.smart.parking.solution.domain.ParkingZone)
2017-03-11 00:17:52 INFO  RequestMappingHandlerMapping:543 - Mapped "{[/pkzone],methods=[GET]}" onto public java.util.List<com.techm.smart.parking.solution.domain.ParkingZone> com.techm.smart.parking.solution.controller.ParkingZoneController.getParkingZones()
2017-03-11 00:17:52 INFO  RequestMappingHandlerMapping:543 - Mapped "{[/pkzone/{pkZoneId}],methods=[GET]}" onto public com.techm.smart.parking.solution.domain.ParkingZone com.techm.smart.parking.solution.controller.ParkingZoneController.getParkingZoneByParkingZone(java.lang.String)
2017-03-11 00:17:52 INFO  RequestMappingHandlerMapping:543 - Mapped "{[/pkzone/{pkZoneId}],methods=[DELETE]}" onto public void com.techm.smart.parking.solution.controller.ParkingZoneController.deleteParkingZoneByParkingZone(java.lang.String)
2017-03-11 00:17:52 INFO  RequestMappingHandlerMapping:543 - Mapped "{[/person/hello],methods=[GET]}" onto public java.lang.String com.techm.smart.parking.solution.controller.PeronsController.getName()
2017-03-11 00:17:52 INFO  RequestMappingHandlerMapping:543 - Mapped "{[/person],methods=[POST]}" onto public com.techm.smart.parking.solution.domain.Person com.techm.smart.parking.solution.controller.PeronsController.savePerson(com.techm.smart.parking.solution.domain.Person)
2017-03-11 00:17:52 INFO  RequestMappingHandlerMapping:543 - Mapped "{[/person],methods=[PUT]}" onto public com.techm.smart.parking.solution.domain.Person com.techm.smart.parking.solution.controller.PeronsController.updatePerson(com.techm.smart.parking.solution.domain.Person)
2017-03-11 00:17:52 INFO  RequestMappingHandlerMapping:543 - Mapped "{[/person],methods=[GET]}" onto public java.util.List<com.techm.smart.parking.solution.domain.Person> com.techm.smart.parking.solution.controller.PeronsController.getPersons()
2017-03-11 00:17:52 INFO  RequestMappingHandlerMapping:543 - Mapped "{[/person/{id}],methods=[GET]}" onto public com.techm.smart.parking.solution.domain.Person com.techm.smart.parking.solution.controller.PeronsController.getPersonById(java.lang.String)
2017-03-11 00:17:52 INFO  RequestMappingHandlerMapping:543 - Mapped "{[/person/{id}],methods=[DELETE]}" onto public void com.techm.smart.parking.solution.controller.PeronsController.deletePersonById(java.lang.String)
2017-03-11 00:17:52 INFO  RequestMappingHandlerMapping:543 - Mapped "{[/tag],methods=[PUT]}" onto public com.techm.smart.parking.solution.domain.Tag com.techm.smart.parking.solution.controller.TagController.updateTag(com.techm.smart.parking.solution.domain.Tag)
2017-03-11 00:17:52 INFO  RequestMappingHandlerMapping:543 - Mapped "{[/tag],methods=[POST]}" onto public com.techm.smart.parking.solution.domain.Tag com.techm.smart.parking.solution.controller.TagController.saveTag(com.techm.smart.parking.solution.domain.Tag)
2017-03-11 00:17:52 INFO  RequestMappingHandlerMapping:543 - Mapped "{[/tag/{tagNumber}],methods=[GET]}" onto public com.techm.smart.parking.solution.domain.Tag com.techm.smart.parking.solution.controller.TagController.getTagByTagNumber(java.lang.String)
2017-03-11 00:17:52 INFO  RequestMappingHandlerMapping:543 - Mapped "{[/tag/{tagNumber}],methods=[DELETE]}" onto public com.techm.smart.parking.solution.domain.Tag com.techm.smart.parking.solution.controller.TagController.deleteTagByTagNumber(java.lang.String)
2017-03-11 00:17:52 INFO  RequestMappingHandlerMapping:543 - Mapped "{[/tag],methods=[GET]}" onto public java.util.List<com.techm.smart.parking.solution.domain.Tag> com.techm.smart.parking.solution.controller.TagController.getTags()
2017-03-11 00:17:52 INFO  RequestMappingHandlerMapping:543 - Mapped "{[/v2/api-docs],methods=[GET],produces=[application/json || application/hal+json]}" onto public org.springframework.http.ResponseEntity<springfox.documentation.spring.web.json.Json> springfox.documentation.swagger2.web.Swagger2Controller.getDocumentation(java.lang.String,javax.servlet.http.HttpServletRequest)
2017-03-11 00:17:52 INFO  RequestMappingHandlerMapping:543 - Mapped "{[/swagger-resources]}" onto org.springframework.http.ResponseEntity<java.util.List<springfox.documentation.swagger.web.SwaggerResource>> springfox.documentation.swagger.web.ApiResourceController.swaggerResources()
2017-03-11 00:17:52 INFO  RequestMappingHandlerMapping:543 - Mapped "{[/configuration/security]}" onto org.springframework.http.ResponseEntity<springfox.documentation.swagger.web.SecurityConfiguration> springfox.documentation.swagger.web.ApiResourceController.securityConfiguration()
2017-03-11 00:17:52 INFO  RequestMappingHandlerMapping:543 - Mapped "{[/configuration/ui]}" onto org.springframework.http.ResponseEntity<springfox.documentation.swagger.web.UiConfiguration> springfox.documentation.swagger.web.ApiResourceController.uiConfiguration()
2017-03-11 00:17:52 INFO  SimpleUrlHandlerMapping:362 - Mapped URL path [/swagger-ui.html] onto handler of type [class org.springframework.web.servlet.resource.ResourceHttpRequestHandler]
2017-03-11 00:17:52 INFO  SimpleUrlHandlerMapping:362 - Mapped URL path [/webjars/**] onto handler of type [class org.springframework.web.servlet.resource.ResourceHttpRequestHandler]
2017-03-11 00:17:52 INFO  RequestMappingHandlerAdapter:534 - Looking for @ControllerAdvice: Root WebApplicationContext: startup date [Sat Mar 11 00:17:46 IST 2017]; root of context hierarchy
2017-03-11 00:17:52 INFO  ExceptionHandlerExceptionResolver:273 - Detected @ExceptionHandler methods in cassandraHostContollerAdvice
2017-03-11 00:17:52 INFO  ExceptionHandlerExceptionResolver:273 - Detected @ExceptionHandler methods in exceptionControllerAdvice
2017-03-11 00:17:52 INFO  ExceptionHandlerExceptionResolver:273 - Detected @ExceptionHandler methods in resourceNotFoundControllerAdvice
2017-03-11 00:17:52 INFO  DocumentationPluginsBootstrapper:84 - Context refreshed
2017-03-11 00:17:52 INFO  DocumentationPluginsBootstrapper:87 - Found 1 custom documentation plugin(s)
2017-03-11 00:17:52 INFO  ApiListingReferenceScanner:44 - Scanning for api listing references
2017-03-11 00:17:53 INFO  ContextLoader:344 - Root WebApplicationContext: initialization completed in 6902 ms
2017-03-11 00:17:53 INFO  DispatcherServlet:489 - FrameworkServlet 'dispatcher': initialization started
2017-03-11 00:17:53 INFO  AnnotationConfigWebApplicationContext:582 - Refreshing WebApplicationContext for namespace 'dispatcher-servlet': startup date [Sat Mar 11 00:17:53 IST 2017]; parent: Root WebApplicationContext
2017-03-11 00:17:53 INFO  DispatcherServlet:508 - FrameworkServlet 'dispatcher': initialization completed in 104 ms
2017-03-11 00:18:15 INFO  AnnotationConfigWebApplicationContext:987 - Closing WebApplicationContext for namespace 'dispatcher-servlet': startup date [Sat Mar 11 00:17:53 IST 2017]; parent: Root WebApplicationContext
2017-03-11 00:18:15 INFO  AnnotationConfigWebApplicationContext:987 - Closing Root WebApplicationContext: startup date [Sat Mar 11 00:17:46 IST 2017]; root of context hierarchy
2017-03-11 00:18:19 INFO  ContextLoader:304 - Root WebApplicationContext: initialization started
2017-03-11 00:18:19 INFO  AnnotationConfigWebApplicationContext:582 - Refreshing Root WebApplicationContext: startup date [Sat Mar 11 00:18:19 IST 2017]; root of context hierarchy
2017-03-11 00:18:19 INFO  AnnotationConfigWebApplicationContext:207 - Registering annotated classes: [class com.techm.smart.parking.solution.configuration.AppConfig]
2017-03-11 00:18:21 INFO  ClockFactory:52 - Using native clock to generate timestamps.
2017-03-11 00:18:21 WARN  NettyUtil:73 - Found Netty's native epoll transport, but not running on linux-based operating system. Using NIO instead.
2017-03-11 00:18:22 INFO  DCAwareRoundRobinPolicy:95 - Using data-center name 'datacenter1' for DCAwareRoundRobinPolicy (if this is incorrect, please provide the correct datacenter name with DCAwareRoundRobinPolicy constructor)
2017-03-11 00:18:22 INFO  Cluster:1533 - New Cassandra host /127.0.0.1:9042 added
2017-03-11 00:18:23 INFO  RequestMappingHandlerMapping:543 - Mapped "{[/occupy/historical],methods=[POST]}" onto public com.techm.smart.parking.solution.domain.PSHistoricalOccupancy com.techm.smart.parking.solution.controller.PSHistoricalOccupancyController.savePSHistoricalOccupancy(com.techm.smart.parking.solution.domain.PSHistoricalOccupancy)
2017-03-11 00:18:23 INFO  RequestMappingHandlerMapping:543 - Mapped "{[/occupy/historical],methods=[PUT]}" onto public com.techm.smart.parking.solution.domain.PSHistoricalOccupancy com.techm.smart.parking.solution.controller.PSHistoricalOccupancyController.updatePSHistoricalOccupancy(com.techm.smart.parking.solution.domain.PSHistoricalOccupancy)
2017-03-11 00:18:23 INFO  RequestMappingHandlerMapping:543 - Mapped "{[/occupy/historical],methods=[GET]}" onto public java.util.List<com.techm.smart.parking.solution.domain.PSHistoricalOccupancy> com.techm.smart.parking.solution.controller.PSHistoricalOccupancyController.getPSHitoricalOccupancies()
2017-03-11 00:18:23 INFO  RequestMappingHandlerMapping:543 - Mapped "{[/occupy/historical/{pkSlotId}],methods=[GET]}" onto public com.techm.smart.parking.solution.domain.PSHistoricalOccupancy com.techm.smart.parking.solution.controller.PSHistoricalOccupancyController.getPSHitoricalOccupancyBySlotId(java.lang.String)
2017-03-11 00:18:23 INFO  RequestMappingHandlerMapping:543 - Mapped "{[/occupy/historical/{pkSlotId}],methods=[DELETE]}" onto public void com.techm.smart.parking.solution.controller.PSHistoricalOccupancyController.deletePSHistoricalOccupancy(java.lang.String)
2017-03-11 00:18:23 INFO  RequestMappingHandlerMapping:543 - Mapped "{[/occupy],methods=[POST]}" onto public com.techm.smart.parking.solution.domain.PSLiveOccupancy com.techm.smart.parking.solution.controller.PSLiveOccupancyController.savePSLiveOccupancy(com.techm.smart.parking.solution.domain.PSLiveOccupancy)
2017-03-11 00:18:23 INFO  RequestMappingHandlerMapping:543 - Mapped "{[/occupy],methods=[PUT]}" onto public com.techm.smart.parking.solution.domain.PSLiveOccupancy com.techm.smart.parking.solution.controller.PSLiveOccupancyController.updatePSLiveOccupancy(com.techm.smart.parking.solution.domain.PSLiveOccupancy)
2017-03-11 00:18:23 INFO  RequestMappingHandlerMapping:543 - Mapped "{[/occupy],methods=[GET]}" onto public java.util.List<com.techm.smart.parking.solution.domain.PSLiveOccupancy> com.techm.smart.parking.solution.controller.PSLiveOccupancyController.getPSLiveOccupancies()
2017-03-11 00:18:23 INFO  RequestMappingHandlerMapping:543 - Mapped "{[/occupy/{pkSlotId}],methods=[GET]}" onto public com.techm.smart.parking.solution.domain.PSLiveOccupancy com.techm.smart.parking.solution.controller.PSLiveOccupancyController.getPSLiveOccupancyBySlotId(java.lang.String)
2017-03-11 00:18:23 INFO  RequestMappingHandlerMapping:543 - Mapped "{[/occupy/{pkSlotId}],methods=[DELETE]}" onto public void com.techm.smart.parking.solution.controller.PSLiveOccupancyController.deletePSLiveOccupancy(java.lang.String)
2017-03-11 00:18:23 INFO  RequestMappingHandlerMapping:543 - Mapped "{[/task/car/park],methods=[POST]}" onto public java.lang.String com.techm.smart.parking.solution.controller.ParkingController.parkCar(com.techm.smart.parking.solution.utils.ParkInput)
2017-03-11 00:18:23 INFO  RequestMappingHandlerMapping:543 - Mapped "{[/task/car/unpark],methods=[POST]}" onto public java.lang.String com.techm.smart.parking.solution.controller.ParkingController.unparkCar(com.techm.smart.parking.solution.utils.ParkInput)
2017-03-11 00:18:23 INFO  RequestMappingHandlerMapping:543 - Mapped "{[/task/car/park/extend],methods=[POST]}" onto public java.lang.String com.techm.smart.parking.solution.controller.ParkingController.extendParking(com.techm.smart.parking.solution.utils.ParkInput)
2017-03-11 00:18:23 INFO  RequestMappingHandlerMapping:543 - Mapped "{[/task/collector/{collectorId}/timezone/{timezone}],methods=[POST]}" onto public java.lang.String com.techm.smart.parking.solution.controller.ParkingController.setCollectorTimezone(java.lang.String,java.lang.String)
2017-03-11 00:18:23 INFO  RequestMappingHandlerMapping:543 - Mapped "{[/pkslot],methods=[GET]}" onto public java.util.List<com.techm.smart.parking.solution.domain.ParkingSlot> com.techm.smart.parking.solution.controller.ParkingSlotController.getParkingSlots()
2017-03-11 00:18:23 INFO  RequestMappingHandlerMapping:543 - Mapped "{[/pkslot/{deviceId}],methods=[GET]}" onto public com.techm.smart.parking.solution.domain.ParkingSlot com.techm.smart.parking.solution.controller.ParkingSlotController.getParkingSlotByDeviceId(java.lang.String) throws com.techm.smart.parking.solution.exception.ResourceNotFound
2017-03-11 00:18:23 INFO  RequestMappingHandlerMapping:543 - Mapped "{[/pkslot/{deviceId}],methods=[DELETE]}" onto public void com.techm.smart.parking.solution.controller.ParkingSlotController.deleteParkingSlotByDeviceId(java.lang.String) throws com.techm.smart.parking.solution.exception.ResourceNotFound
2017-03-11 00:18:23 INFO  RequestMappingHandlerMapping:543 - Mapped "{[/pkslot],methods=[PUT]}" onto public com.techm.smart.parking.solution.domain.ParkingSlot com.techm.smart.parking.solution.controller.ParkingSlotController.updateParkingSlot(com.techm.smart.parking.solution.domain.ParkingSlot)
2017-03-11 00:18:23 INFO  RequestMappingHandlerMapping:543 - Mapped "{[/pkslot],methods=[POST]}" onto public com.techm.smart.parking.solution.domain.ParkingSlot com.techm.smart.parking.solution.controller.ParkingSlotController.saveParkingSlot(com.techm.smart.parking.solution.domain.ParkingSlot) throws com.techm.smart.parking.solution.exception.CassandraHostNotAvailableException
2017-03-11 00:18:23 INFO  RequestMappingHandlerMapping:543 - Mapped "{[/pkzone],methods=[POST]}" onto public com.techm.smart.parking.solution.domain.ParkingZone com.techm.smart.parking.solution.controller.ParkingZoneController.saveParkingZone(com.techm.smart.parking.solution.domain.ParkingZone)
2017-03-11 00:18:23 INFO  RequestMappingHandlerMapping:543 - Mapped "{[/pkzone],methods=[PUT]}" onto public com.techm.smart.parking.solution.domain.ParkingZone com.techm.smart.parking.solution.controller.ParkingZoneController.updateParkingZone(com.techm.smart.parking.solution.domain.ParkingZone)
2017-03-11 00:18:23 INFO  RequestMappingHandlerMapping:543 - Mapped "{[/pkzone],methods=[GET]}" onto public java.util.List<com.techm.smart.parking.solution.domain.ParkingZone> com.techm.smart.parking.solution.controller.ParkingZoneController.getParkingZones()
2017-03-11 00:18:23 INFO  RequestMappingHandlerMapping:543 - Mapped "{[/pkzone/{pkZoneId}],methods=[GET]}" onto public com.techm.smart.parking.solution.domain.ParkingZone com.techm.smart.parking.solution.controller.ParkingZoneController.getParkingZoneByParkingZone(java.lang.String)
2017-03-11 00:18:23 INFO  RequestMappingHandlerMapping:543 - Mapped "{[/pkzone/{pkZoneId}],methods=[DELETE]}" onto public void com.techm.smart.parking.solution.controller.ParkingZoneController.deleteParkingZoneByParkingZone(java.lang.String)
2017-03-11 00:18:23 INFO  RequestMappingHandlerMapping:543 - Mapped "{[/person/hello],methods=[GET]}" onto public java.lang.String com.techm.smart.parking.solution.controller.PeronsController.getName()
2017-03-11 00:18:23 INFO  RequestMappingHandlerMapping:543 - Mapped "{[/person],methods=[POST]}" onto public com.techm.smart.parking.solution.domain.Person com.techm.smart.parking.solution.controller.PeronsController.savePerson(com.techm.smart.parking.solution.domain.Person)
2017-03-11 00:18:23 INFO  RequestMappingHandlerMapping:543 - Mapped "{[/person],methods=[PUT]}" onto public com.techm.smart.parking.solution.domain.Person com.techm.smart.parking.solution.controller.PeronsController.updatePerson(com.techm.smart.parking.solution.domain.Person)
2017-03-11 00:18:23 INFO  RequestMappingHandlerMapping:543 - Mapped "{[/person],methods=[GET]}" onto public java.util.List<com.techm.smart.parking.solution.domain.Person> com.techm.smart.parking.solution.controller.PeronsController.getPersons()
2017-03-11 00:18:23 INFO  RequestMappingHandlerMapping:543 - Mapped "{[/person/{id}],methods=[GET]}" onto public com.techm.smart.parking.solution.domain.Person com.techm.smart.parking.solution.controller.PeronsController.getPersonById(java.lang.String)
2017-03-11 00:18:23 INFO  RequestMappingHandlerMapping:543 - Mapped "{[/person/{id}],methods=[DELETE]}" onto public void com.techm.smart.parking.solution.controller.PeronsController.deletePersonById(java.lang.String)
2017-03-11 00:18:23 INFO  RequestMappingHandlerMapping:543 - Mapped "{[/tag],methods=[PUT]}" onto public com.techm.smart.parking.solution.domain.Tag com.techm.smart.parking.solution.controller.TagController.updateTag(com.techm.smart.parking.solution.domain.Tag)
2017-03-11 00:18:23 INFO  RequestMappingHandlerMapping:543 - Mapped "{[/tag],methods=[POST]}" onto public com.techm.smart.parking.solution.domain.Tag com.techm.smart.parking.solution.controller.TagController.saveTag(com.techm.smart.parking.solution.domain.Tag)
2017-03-11 00:18:23 INFO  RequestMappingHandlerMapping:543 - Mapped "{[/tag/{tagNumber}],methods=[GET]}" onto public com.techm.smart.parking.solution.domain.Tag com.techm.smart.parking.solution.controller.TagController.getTagByTagNumber(java.lang.String)
2017-03-11 00:18:23 INFO  RequestMappingHandlerMapping:543 - Mapped "{[/tag/{tagNumber}],methods=[DELETE]}" onto public com.techm.smart.parking.solution.domain.Tag com.techm.smart.parking.solution.controller.TagController.deleteTagByTagNumber(java.lang.String)
2017-03-11 00:18:23 INFO  RequestMappingHandlerMapping:543 - Mapped "{[/tag],methods=[GET]}" onto public java.util.List<com.techm.smart.parking.solution.domain.Tag> com.techm.smart.parking.solution.controller.TagController.getTags()
2017-03-11 00:18:23 INFO  RequestMappingHandlerMapping:543 - Mapped "{[/v2/api-docs],methods=[GET],produces=[application/json || application/hal+json]}" onto public org.springframework.http.ResponseEntity<springfox.documentation.spring.web.json.Json> springfox.documentation.swagger2.web.Swagger2Controller.getDocumentation(java.lang.String,javax.servlet.http.HttpServletRequest)
2017-03-11 00:18:23 INFO  RequestMappingHandlerMapping:543 - Mapped "{[/swagger-resources]}" onto org.springframework.http.ResponseEntity<java.util.List<springfox.documentation.swagger.web.SwaggerResource>> springfox.documentation.swagger.web.ApiResourceController.swaggerResources()
2017-03-11 00:18:23 INFO  RequestMappingHandlerMapping:543 - Mapped "{[/configuration/security]}" onto org.springframework.http.ResponseEntity<springfox.documentation.swagger.web.SecurityConfiguration> springfox.documentation.swagger.web.ApiResourceController.securityConfiguration()
2017-03-11 00:18:23 INFO  RequestMappingHandlerMapping:543 - Mapped "{[/configuration/ui]}" onto org.springframework.http.ResponseEntity<springfox.documentation.swagger.web.UiConfiguration> springfox.documentation.swagger.web.ApiResourceController.uiConfiguration()
2017-03-11 00:18:24 INFO  SimpleUrlHandlerMapping:362 - Mapped URL path [/swagger-ui.html] onto handler of type [class org.springframework.web.servlet.resource.ResourceHttpRequestHandler]
2017-03-11 00:18:24 INFO  SimpleUrlHandlerMapping:362 - Mapped URL path [/webjars/**] onto handler of type [class org.springframework.web.servlet.resource.ResourceHttpRequestHandler]
2017-03-11 00:18:24 INFO  RequestMappingHandlerAdapter:534 - Looking for @ControllerAdvice: Root WebApplicationContext: startup date [Sat Mar 11 00:18:19 IST 2017]; root of context hierarchy
2017-03-11 00:18:24 INFO  ExceptionHandlerExceptionResolver:273 - Detected @ExceptionHandler methods in cassandraHostContollerAdvice
2017-03-11 00:18:24 INFO  ExceptionHandlerExceptionResolver:273 - Detected @ExceptionHandler methods in exceptionControllerAdvice
2017-03-11 00:18:24 INFO  ExceptionHandlerExceptionResolver:273 - Detected @ExceptionHandler methods in resourceNotFoundControllerAdvice
2017-03-11 00:18:24 INFO  DocumentationPluginsBootstrapper:84 - Context refreshed
2017-03-11 00:18:24 INFO  DocumentationPluginsBootstrapper:87 - Found 1 custom documentation plugin(s)
2017-03-11 00:18:24 INFO  ApiListingReferenceScanner:44 - Scanning for api listing references
2017-03-11 00:18:24 INFO  ContextLoader:344 - Root WebApplicationContext: initialization completed in 5267 ms
2017-03-11 00:18:24 INFO  DispatcherServlet:489 - FrameworkServlet 'dispatcher': initialization started
2017-03-11 00:18:24 INFO  AnnotationConfigWebApplicationContext:582 - Refreshing WebApplicationContext for namespace 'dispatcher-servlet': startup date [Sat Mar 11 00:18:24 IST 2017]; parent: Root WebApplicationContext
2017-03-11 00:18:25 INFO  DispatcherServlet:508 - FrameworkServlet 'dispatcher': initialization completed in 100 ms
2017-03-11 00:19:01 WARN  PageNotFound:1172 - No mapping found for HTTP request with URI [/smart-parking-solution/v2/swagger-api.html] in DispatcherServlet with name 'dispatcher'
2017-03-11 00:19:40 WARN  PageNotFound:1172 - No mapping found for HTTP request with URI [/smart-parking-solution/v2/swagger-ui.html] in DispatcherServlet with name 'dispatcher'
2017-03-11 00:19:55 WARN  PageNotFound:1172 - No mapping found for HTTP request with URI [/smart-parking-solution/images/favicon-32x32.png] in DispatcherServlet with name 'dispatcher'
2017-03-14 17:54:01 INFO  AnnotationConfigWebApplicationContext:987 - Closing WebApplicationContext for namespace 'dispatcher-servlet': startup date [Sat Mar 11 00:18:24 IST 2017]; parent: Root WebApplicationContext
2017-03-14 17:54:02 INFO  AnnotationConfigWebApplicationContext:987 - Closing Root WebApplicationContext: startup date [Sat Mar 11 00:18:19 IST 2017]; root of context hierarchy
2017-03-14 17:54:02 WARN  DisposableBeanAdapter:281 - Invocation of destroy method failed on bean with name 'session': java.lang.IllegalStateException: java.io.FileNotFoundException: /Users/sreddy/Documents/workspace/.metadata/.plugins/org.eclipse.wst.server.core/tmp0/wtpwebapps/smart-parking-solution/WEB-INF/lib/asm-5.0.3.jar (No such file or directory)
2017-03-14 17:54:02 WARN  DisposableBeanAdapter:281 - Invocation of destroy method failed on bean with name 'cluster': java.lang.IllegalStateException: java.io.FileNotFoundException: /Users/sreddy/Documents/workspace/.metadata/.plugins/org.eclipse.wst.server.core/tmp0/wtpwebapps/smart-parking-solution/WEB-INF/lib/asm-5.0.3.jar (No such file or directory)
